<?xml version="1.0" encoding="UTF-8"?>
<testsuite xmlns:xsi="http://www.w3.org/2001/XMLSchema-instance" xsi:noNamespaceSchemaLocation="https://maven.apache.org/surefire/maven-surefire-plugin/xsd/surefire-test-report.xsd" name="com.demo.redis.patterns.controller.ProductControllerTest" time="3.39" tests="2" errors="0" skipped="0" failures="0">
  <properties>
    <property name="java.specification.version" value="17"/>
    <property name="sun.jnu.encoding" value="UTF-8"/>
    <property name="java.class.path" value="/Users/rajashekharteertha/Desktop/cache-1/cache-service-reactive-templete/target/test-classes:/Users/rajashekharteertha/Desktop/cache-1/cache-service-reactive-templete/target/classes:/Users/rajashekharteertha/.m2/repository/org/springframework/boot/spring-boot-starter-data-r2dbc/2.6.3/spring-boot-starter-data-r2dbc-2.6.3.jar:/Users/rajashekharteertha/.m2/repository/org/springframework/boot/spring-boot-starter/2.6.3/spring-boot-starter-2.6.3.jar:/Users/rajashekharteertha/.m2/repository/org/springframework/boot/spring-boot/2.6.3/spring-boot-2.6.3.jar:/Users/rajashekharteertha/.m2/repository/org/springframework/boot/spring-boot-autoconfigure/2.6.3/spring-boot-autoconfigure-2.6.3.jar:/Users/rajashekharteertha/.m2/repository/org/springframework/boot/spring-boot-starter-logging/2.6.3/spring-boot-starter-logging-2.6.3.jar:/Users/rajashekharteertha/.m2/repository/ch/qos/logback/logback-classic/1.2.10/logback-classic-1.2.10.jar:/Users/rajashekharteertha/.m2/repository/ch/qos/logback/logback-core/1.2.10/logback-core-1.2.10.jar:/Users/rajashekharteertha/.m2/repository/org/apache/logging/log4j/log4j-to-slf4j/2.17.1/log4j-to-slf4j-2.17.1.jar:/Users/rajashekharteertha/.m2/repository/org/apache/logging/log4j/log4j-api/2.17.1/log4j-api-2.17.1.jar:/Users/rajashekharteertha/.m2/repository/org/slf4j/jul-to-slf4j/1.7.33/jul-to-slf4j-1.7.33.jar:/Users/rajashekharteertha/.m2/repository/jakarta/annotation/jakarta.annotation-api/1.3.5/jakarta.annotation-api-1.3.5.jar:/Users/rajashekharteertha/.m2/repository/org/yaml/snakeyaml/1.29/snakeyaml-1.29.jar:/Users/rajashekharteertha/.m2/repository/org/springframework/data/spring-data-r2dbc/1.4.1/spring-data-r2dbc-1.4.1.jar:/Users/rajashekharteertha/.m2/repository/org/springframework/data/spring-data-commons/2.6.1/spring-data-commons-2.6.1.jar:/Users/rajashekharteertha/.m2/repository/org/springframework/data/spring-data-relational/2.3.1/spring-data-relational-2.3.1.jar:/Users/rajashekharteertha/.m2/repository/org/springframework/spring-r2dbc/5.3.15/spring-r2dbc-5.3.15.jar:/Users/rajashekharteertha/.m2/repository/org/springframework/spring-tx/5.3.15/spring-tx-5.3.15.jar:/Users/rajashekharteertha/.m2/repository/org/springframework/spring-context/5.3.15/spring-context-5.3.15.jar:/Users/rajashekharteertha/.m2/repository/org/springframework/spring-aop/5.3.15/spring-aop-5.3.15.jar:/Users/rajashekharteertha/.m2/repository/org/springframework/spring-expression/5.3.15/spring-expression-5.3.15.jar:/Users/rajashekharteertha/.m2/repository/org/springframework/spring-beans/5.3.15/spring-beans-5.3.15.jar:/Users/rajashekharteertha/.m2/repository/org/slf4j/slf4j-api/1.7.33/slf4j-api-1.7.33.jar:/Users/rajashekharteertha/.m2/repository/io/r2dbc/r2dbc-spi/0.8.6.RELEASE/r2dbc-spi-0.8.6.RELEASE.jar:/Users/rajashekharteertha/.m2/repository/org/reactivestreams/reactive-streams/1.0.3/reactive-streams-1.0.3.jar:/Users/rajashekharteertha/.m2/repository/io/r2dbc/r2dbc-pool/0.8.8.RELEASE/r2dbc-pool-0.8.8.RELEASE.jar:/Users/rajashekharteertha/.m2/repository/io/projectreactor/addons/reactor-pool/0.2.7/reactor-pool-0.2.7.jar:/Users/rajashekharteertha/.m2/repository/org/springframework/boot/spring-boot-starter-data-redis-reactive/2.6.3/spring-boot-starter-data-redis-reactive-2.6.3.jar:/Users/rajashekharteertha/.m2/repository/org/springframework/boot/spring-boot-starter-data-redis/2.6.3/spring-boot-starter-data-redis-2.6.3.jar:/Users/rajashekharteertha/.m2/repository/org/springframework/data/spring-data-redis/2.6.1/spring-data-redis-2.6.1.jar:/Users/rajashekharteertha/.m2/repository/org/springframework/data/spring-data-keyvalue/2.6.1/spring-data-keyvalue-2.6.1.jar:/Users/rajashekharteertha/.m2/repository/org/springframework/spring-oxm/5.3.15/spring-oxm-5.3.15.jar:/Users/rajashekharteertha/.m2/repository/org/springframework/spring-context-support/5.3.15/spring-context-support-5.3.15.jar:/Users/rajashekharteertha/.m2/repository/io/lettuce/lettuce-core/6.1.6.RELEASE/lettuce-core-6.1.6.RELEASE.jar:/Users/rajashekharteertha/.m2/repository/org/springframework/boot/spring-boot-starter-webflux/2.6.3/spring-boot-starter-webflux-2.6.3.jar:/Users/rajashekharteertha/.m2/repository/org/springframework/boot/spring-boot-starter-json/2.6.3/spring-boot-starter-json-2.6.3.jar:/Users/rajashekharteertha/.m2/repository/com/fasterxml/jackson/core/jackson-databind/2.13.1/jackson-databind-2.13.1.jar:/Users/rajashekharteertha/.m2/repository/com/fasterxml/jackson/datatype/jackson-datatype-jdk8/2.13.1/jackson-datatype-jdk8-2.13.1.jar:/Users/rajashekharteertha/.m2/repository/com/fasterxml/jackson/datatype/jackson-datatype-jsr310/2.13.1/jackson-datatype-jsr310-2.13.1.jar:/Users/rajashekharteertha/.m2/repository/com/fasterxml/jackson/module/jackson-module-parameter-names/2.13.1/jackson-module-parameter-names-2.13.1.jar:/Users/rajashekharteertha/.m2/repository/org/springframework/boot/spring-boot-starter-reactor-netty/2.6.3/spring-boot-starter-reactor-netty-2.6.3.jar:/Users/rajashekharteertha/.m2/repository/io/projectreactor/netty/reactor-netty-http/1.0.15/reactor-netty-http-1.0.15.jar:/Users/rajashekharteertha/.m2/repository/io/netty/netty-codec-http/4.1.73.Final/netty-codec-http-4.1.73.Final.jar:/Users/rajashekharteertha/.m2/repository/io/netty/netty-codec-http2/4.1.73.Final/netty-codec-http2-4.1.73.Final.jar:/Users/rajashekharteertha/.m2/repository/io/netty/netty-resolver-dns-native-macos/4.1.73.Final/netty-resolver-dns-native-macos-4.1.73.Final-osx-x86_64.jar:/Users/rajashekharteertha/.m2/repository/io/netty/netty-resolver-dns-classes-macos/4.1.73.Final/netty-resolver-dns-classes-macos-4.1.73.Final.jar:/Users/rajashekharteertha/.m2/repository/io/netty/netty-transport-native-epoll/4.1.73.Final/netty-transport-native-epoll-4.1.73.Final-linux-x86_64.jar:/Users/rajashekharteertha/.m2/repository/io/netty/netty-transport-native-unix-common/4.1.73.Final/netty-transport-native-unix-common-4.1.73.Final.jar:/Users/rajashekharteertha/.m2/repository/io/netty/netty-transport-classes-epoll/4.1.73.Final/netty-transport-classes-epoll-4.1.73.Final.jar:/Users/rajashekharteertha/.m2/repository/org/springframework/spring-web/5.3.15/spring-web-5.3.15.jar:/Users/rajashekharteertha/.m2/repository/org/springframework/spring-webflux/5.3.15/spring-webflux-5.3.15.jar:/Users/rajashekharteertha/.m2/repository/io/r2dbc/r2dbc-postgresql/0.8.11.RELEASE/r2dbc-postgresql-0.8.11.RELEASE.jar:/Users/rajashekharteertha/.m2/repository/com/ongres/scram/client/2.1/client-2.1.jar:/Users/rajashekharteertha/.m2/repository/com/ongres/scram/common/2.1/common-2.1.jar:/Users/rajashekharteertha/.m2/repository/com/ongres/stringprep/saslprep/1.1/saslprep-1.1.jar:/Users/rajashekharteertha/.m2/repository/com/ongres/stringprep/stringprep/1.1/stringprep-1.1.jar:/Users/rajashekharteertha/.m2/repository/io/projectreactor/reactor-core/3.4.14/reactor-core-3.4.14.jar:/Users/rajashekharteertha/.m2/repository/io/projectreactor/netty/reactor-netty/1.0.15/reactor-netty-1.0.15.jar:/Users/rajashekharteertha/.m2/repository/io/projectreactor/netty/reactor-netty-core/1.0.15/reactor-netty-core-1.0.15.jar:/Users/rajashekharteertha/.m2/repository/io/netty/netty-handler-proxy/4.1.73.Final/netty-handler-proxy-4.1.73.Final.jar:/Users/rajashekharteertha/.m2/repository/io/netty/netty-codec-socks/4.1.73.Final/netty-codec-socks-4.1.73.Final.jar:/Users/rajashekharteertha/.m2/repository/io/projectreactor/netty/incubator/reactor-netty-incubator-quic/0.0.4/reactor-netty-incubator-quic-0.0.4.jar:/Users/rajashekharteertha/.m2/repository/io/netty/incubator/netty-incubator-codec-native-quic/0.0.25.Final/netty-incubator-codec-native-quic-0.0.25.Final-linux-x86_64.jar:/Users/rajashekharteertha/.m2/repository/io/netty/incubator/netty-incubator-codec-classes-quic/0.0.25.Final/netty-incubator-codec-classes-quic-0.0.25.Final.jar:/Users/rajashekharteertha/.m2/repository/commons-codec/commons-codec/1.15/commons-codec-1.15.jar:/Users/rajashekharteertha/.m2/repository/io/projectreactor/netty/reactor-netty-http-brave/1.0.15/reactor-netty-http-brave-1.0.15.jar:/Users/rajashekharteertha/.m2/repository/io/zipkin/brave/brave-instrumentation-http/5.13.7/brave-instrumentation-http-5.13.7.jar:/Users/rajashekharteertha/.m2/repository/io/zipkin/brave/brave/5.13.7/brave-5.13.7.jar:/Users/rajashekharteertha/.m2/repository/io/zipkin/reporter2/zipkin-reporter-brave/2.16.3/zipkin-reporter-brave-2.16.3.jar:/Users/rajashekharteertha/.m2/repository/io/zipkin/reporter2/zipkin-reporter/2.16.3/zipkin-reporter-2.16.3.jar:/Users/rajashekharteertha/.m2/repository/io/zipkin/zipkin2/zipkin/2.23.2/zipkin-2.23.2.jar:/Users/rajashekharteertha/.m2/repository/org/postgresql/postgresql/42.3.1/postgresql-42.3.1.jar:/Users/rajashekharteertha/.m2/repository/org/checkerframework/checker-qual/3.5.0/checker-qual-3.5.0.jar:/Users/rajashekharteertha/.m2/repository/org/projectlombok/lombok/1.18.22/lombok-1.18.22.jar:/Users/rajashekharteertha/.m2/repository/org/springframework/boot/spring-boot-starter-test/2.6.3/spring-boot-starter-test-2.6.3.jar:/Users/rajashekharteertha/.m2/repository/org/springframework/boot/spring-boot-test/2.6.3/spring-boot-test-2.6.3.jar:/Users/rajashekharteertha/.m2/repository/org/springframework/boot/spring-boot-test-autoconfigure/2.6.3/spring-boot-test-autoconfigure-2.6.3.jar:/Users/rajashekharteertha/.m2/repository/com/jayway/jsonpath/json-path/2.6.0/json-path-2.6.0.jar:/Users/rajashekharteertha/.m2/repository/net/minidev/json-smart/2.4.7/json-smart-2.4.7.jar:/Users/rajashekharteertha/.m2/repository/net/minidev/accessors-smart/2.4.7/accessors-smart-2.4.7.jar:/Users/rajashekharteertha/.m2/repository/org/ow2/asm/asm/9.1/asm-9.1.jar:/Users/rajashekharteertha/.m2/repository/jakarta/xml/bind/jakarta.xml.bind-api/2.3.3/jakarta.xml.bind-api-2.3.3.jar:/Users/rajashekharteertha/.m2/repository/jakarta/activation/jakarta.activation-api/1.2.2/jakarta.activation-api-1.2.2.jar:/Users/rajashekharteertha/.m2/repository/org/assertj/assertj-core/3.21.0/assertj-core-3.21.0.jar:/Users/rajashekharteertha/.m2/repository/org/hamcrest/hamcrest/2.2/hamcrest-2.2.jar:/Users/rajashekharteertha/.m2/repository/org/junit/jupiter/junit-jupiter/5.8.2/junit-jupiter-5.8.2.jar:/Users/rajashekharteertha/.m2/repository/org/junit/jupiter/junit-jupiter-api/5.8.2/junit-jupiter-api-5.8.2.jar:/Users/rajashekharteertha/.m2/repository/org/opentest4j/opentest4j/1.2.0/opentest4j-1.2.0.jar:/Users/rajashekharteertha/.m2/repository/org/junit/platform/junit-platform-commons/1.8.2/junit-platform-commons-1.8.2.jar:/Users/rajashekharteertha/.m2/repository/org/apiguardian/apiguardian-api/1.1.2/apiguardian-api-1.1.2.jar:/Users/rajashekharteertha/.m2/repository/org/junit/jupiter/junit-jupiter-params/5.8.2/junit-jupiter-params-5.8.2.jar:/Users/rajashekharteertha/.m2/repository/org/junit/jupiter/junit-jupiter-engine/5.8.2/junit-jupiter-engine-5.8.2.jar:/Users/rajashekharteertha/.m2/repository/org/junit/platform/junit-platform-engine/1.8.2/junit-platform-engine-1.8.2.jar:/Users/rajashekharteertha/.m2/repository/org/mockito/mockito-core/4.0.0/mockito-core-4.0.0.jar:/Users/rajashekharteertha/.m2/repository/net/bytebuddy/byte-buddy/1.11.22/byte-buddy-1.11.22.jar:/Users/rajashekharteertha/.m2/repository/net/bytebuddy/byte-buddy-agent/1.11.22/byte-buddy-agent-1.11.22.jar:/Users/rajashekharteertha/.m2/repository/org/objenesis/objenesis/3.2/objenesis-3.2.jar:/Users/rajashekharteertha/.m2/repository/org/mockito/mockito-junit-jupiter/4.0.0/mockito-junit-jupiter-4.0.0.jar:/Users/rajashekharteertha/.m2/repository/org/skyscreamer/jsonassert/1.5.0/jsonassert-1.5.0.jar:/Users/rajashekharteertha/.m2/repository/com/vaadin/external/google/android-json/0.0.20131108.vaadin1/android-json-0.0.20131108.vaadin1.jar:/Users/rajashekharteertha/.m2/repository/org/springframework/spring-core/5.3.15/spring-core-5.3.15.jar:/Users/rajashekharteertha/.m2/repository/org/springframework/spring-jcl/5.3.15/spring-jcl-5.3.15.jar:/Users/rajashekharteertha/.m2/repository/org/springframework/spring-test/5.3.15/spring-test-5.3.15.jar:/Users/rajashekharteertha/.m2/repository/org/xmlunit/xmlunit-core/2.8.4/xmlunit-core-2.8.4.jar:/Users/rajashekharteertha/.m2/repository/io/projectreactor/reactor-test/3.4.14/reactor-test-3.4.14.jar:/Users/rajashekharteertha/.m2/repository/org/redisson/redisson-spring-boot-starter/3.16.3/redisson-spring-boot-starter-3.16.3.jar:/Users/rajashekharteertha/.m2/repository/org/springframework/boot/spring-boot-starter-actuator/2.6.3/spring-boot-starter-actuator-2.6.3.jar:/Users/rajashekharteertha/.m2/repository/org/springframework/boot/spring-boot-actuator-autoconfigure/2.6.3/spring-boot-actuator-autoconfigure-2.6.3.jar:/Users/rajashekharteertha/.m2/repository/org/springframework/boot/spring-boot-actuator/2.6.3/spring-boot-actuator-2.6.3.jar:/Users/rajashekharteertha/.m2/repository/io/micrometer/micrometer-core/1.8.2/micrometer-core-1.8.2.jar:/Users/rajashekharteertha/.m2/repository/org/hdrhistogram/HdrHistogram/2.1.12/HdrHistogram-2.1.12.jar:/Users/rajashekharteertha/.m2/repository/org/latencyutils/LatencyUtils/2.0.3/LatencyUtils-2.0.3.jar:/Users/rajashekharteertha/.m2/repository/org/redisson/redisson/3.16.3/redisson-3.16.3.jar:/Users/rajashekharteertha/.m2/repository/io/netty/netty-common/4.1.73.Final/netty-common-4.1.73.Final.jar:/Users/rajashekharteertha/.m2/repository/io/netty/netty-codec/4.1.73.Final/netty-codec-4.1.73.Final.jar:/Users/rajashekharteertha/.m2/repository/io/netty/netty-buffer/4.1.73.Final/netty-buffer-4.1.73.Final.jar:/Users/rajashekharteertha/.m2/repository/io/netty/netty-transport/4.1.73.Final/netty-transport-4.1.73.Final.jar:/Users/rajashekharteertha/.m2/repository/io/netty/netty-resolver/4.1.73.Final/netty-resolver-4.1.73.Final.jar:/Users/rajashekharteertha/.m2/repository/io/netty/netty-resolver-dns/4.1.73.Final/netty-resolver-dns-4.1.73.Final.jar:/Users/rajashekharteertha/.m2/repository/io/netty/netty-codec-dns/4.1.73.Final/netty-codec-dns-4.1.73.Final.jar:/Users/rajashekharteertha/.m2/repository/io/netty/netty-handler/4.1.73.Final/netty-handler-4.1.73.Final.jar:/Users/rajashekharteertha/.m2/repository/io/netty/netty-tcnative-classes/2.0.46.Final/netty-tcnative-classes-2.0.46.Final.jar:/Users/rajashekharteertha/.m2/repository/javax/cache/cache-api/1.1.1/cache-api-1.1.1.jar:/Users/rajashekharteertha/.m2/repository/io/reactivex/rxjava3/rxjava/3.0.12/rxjava-3.0.12.jar:/Users/rajashekharteertha/.m2/repository/org/jboss/marshalling/jboss-marshalling/2.0.11.Final/jboss-marshalling-2.0.11.Final.jar:/Users/rajashekharteertha/.m2/repository/org/jboss/marshalling/jboss-marshalling-river/2.0.11.Final/jboss-marshalling-river-2.0.11.Final.jar:/Users/rajashekharteertha/.m2/repository/com/fasterxml/jackson/core/jackson-annotations/2.13.1/jackson-annotations-2.13.1.jar:/Users/rajashekharteertha/.m2/repository/com/fasterxml/jackson/dataformat/jackson-dataformat-yaml/2.13.1/jackson-dataformat-yaml-2.13.1.jar:/Users/rajashekharteertha/.m2/repository/com/fasterxml/jackson/core/jackson-core/2.13.1/jackson-core-2.13.1.jar:/Users/rajashekharteertha/.m2/repository/org/jodd/jodd-bean/5.1.6/jodd-bean-5.1.6.jar:/Users/rajashekharteertha/.m2/repository/org/jodd/jodd-core/5.1.6/jodd-core-5.1.6.jar:/Users/rajashekharteertha/.m2/repository/org/redisson/redisson-spring-data-25/3.16.3/redisson-spring-data-25-3.16.3.jar:/Users/rajashekharteertha/.m2/repository/junit/junit/4.13.2/junit-4.13.2.jar:/Users/rajashekharteertha/.m2/repository/org/hamcrest/hamcrest-core/2.2/hamcrest-core-2.2.jar:"/>
    <property name="java.vm.vendor" value="Eclipse Adoptium"/>
    <property name="sun.arch.data.model" value="64"/>
    <property name="java.vendor.url" value="https://adoptium.net/"/>
    <property name="os.name" value="Mac OS X"/>
    <property name="java.vm.specification.version" value="17"/>
    <property name="sun.java.launcher" value="SUN_STANDARD"/>
    <property name="user.country" value="IN"/>
    <property name="sun.boot.library.path" value="/Users/rajashekharteertha/Library/Java/JavaVirtualMachines/temurin-17.0.5/Contents/Home/lib"/>
    <property name="sun.java.command" value="/Users/rajashekharteertha/Desktop/cache-1/cache-service-reactive-templete/target/surefire/surefirebooter9658666623573558129.jar /Users/rajashekharteertha/Desktop/cache-1/cache-service-reactive-templete/target/surefire 2022-12-27T13-50-59_992-jvmRun1 surefire11289409775697299715tmp surefire_03851362911009013486tmp"/>
    <property name="jdk.debug" value="release"/>
    <property name="surefire.test.class.path" value="/Users/rajashekharteertha/Desktop/cache-1/cache-service-reactive-templete/target/test-classes:/Users/rajashekharteertha/Desktop/cache-1/cache-service-reactive-templete/target/classes:/Users/rajashekharteertha/.m2/repository/org/springframework/boot/spring-boot-starter-data-r2dbc/2.6.3/spring-boot-starter-data-r2dbc-2.6.3.jar:/Users/rajashekharteertha/.m2/repository/org/springframework/boot/spring-boot-starter/2.6.3/spring-boot-starter-2.6.3.jar:/Users/rajashekharteertha/.m2/repository/org/springframework/boot/spring-boot/2.6.3/spring-boot-2.6.3.jar:/Users/rajashekharteertha/.m2/repository/org/springframework/boot/spring-boot-autoconfigure/2.6.3/spring-boot-autoconfigure-2.6.3.jar:/Users/rajashekharteertha/.m2/repository/org/springframework/boot/spring-boot-starter-logging/2.6.3/spring-boot-starter-logging-2.6.3.jar:/Users/rajashekharteertha/.m2/repository/ch/qos/logback/logback-classic/1.2.10/logback-classic-1.2.10.jar:/Users/rajashekharteertha/.m2/repository/ch/qos/logback/logback-core/1.2.10/logback-core-1.2.10.jar:/Users/rajashekharteertha/.m2/repository/org/apache/logging/log4j/log4j-to-slf4j/2.17.1/log4j-to-slf4j-2.17.1.jar:/Users/rajashekharteertha/.m2/repository/org/apache/logging/log4j/log4j-api/2.17.1/log4j-api-2.17.1.jar:/Users/rajashekharteertha/.m2/repository/org/slf4j/jul-to-slf4j/1.7.33/jul-to-slf4j-1.7.33.jar:/Users/rajashekharteertha/.m2/repository/jakarta/annotation/jakarta.annotation-api/1.3.5/jakarta.annotation-api-1.3.5.jar:/Users/rajashekharteertha/.m2/repository/org/yaml/snakeyaml/1.29/snakeyaml-1.29.jar:/Users/rajashekharteertha/.m2/repository/org/springframework/data/spring-data-r2dbc/1.4.1/spring-data-r2dbc-1.4.1.jar:/Users/rajashekharteertha/.m2/repository/org/springframework/data/spring-data-commons/2.6.1/spring-data-commons-2.6.1.jar:/Users/rajashekharteertha/.m2/repository/org/springframework/data/spring-data-relational/2.3.1/spring-data-relational-2.3.1.jar:/Users/rajashekharteertha/.m2/repository/org/springframework/spring-r2dbc/5.3.15/spring-r2dbc-5.3.15.jar:/Users/rajashekharteertha/.m2/repository/org/springframework/spring-tx/5.3.15/spring-tx-5.3.15.jar:/Users/rajashekharteertha/.m2/repository/org/springframework/spring-context/5.3.15/spring-context-5.3.15.jar:/Users/rajashekharteertha/.m2/repository/org/springframework/spring-aop/5.3.15/spring-aop-5.3.15.jar:/Users/rajashekharteertha/.m2/repository/org/springframework/spring-expression/5.3.15/spring-expression-5.3.15.jar:/Users/rajashekharteertha/.m2/repository/org/springframework/spring-beans/5.3.15/spring-beans-5.3.15.jar:/Users/rajashekharteertha/.m2/repository/org/slf4j/slf4j-api/1.7.33/slf4j-api-1.7.33.jar:/Users/rajashekharteertha/.m2/repository/io/r2dbc/r2dbc-spi/0.8.6.RELEASE/r2dbc-spi-0.8.6.RELEASE.jar:/Users/rajashekharteertha/.m2/repository/org/reactivestreams/reactive-streams/1.0.3/reactive-streams-1.0.3.jar:/Users/rajashekharteertha/.m2/repository/io/r2dbc/r2dbc-pool/0.8.8.RELEASE/r2dbc-pool-0.8.8.RELEASE.jar:/Users/rajashekharteertha/.m2/repository/io/projectreactor/addons/reactor-pool/0.2.7/reactor-pool-0.2.7.jar:/Users/rajashekharteertha/.m2/repository/org/springframework/boot/spring-boot-starter-data-redis-reactive/2.6.3/spring-boot-starter-data-redis-reactive-2.6.3.jar:/Users/rajashekharteertha/.m2/repository/org/springframework/boot/spring-boot-starter-data-redis/2.6.3/spring-boot-starter-data-redis-2.6.3.jar:/Users/rajashekharteertha/.m2/repository/org/springframework/data/spring-data-redis/2.6.1/spring-data-redis-2.6.1.jar:/Users/rajashekharteertha/.m2/repository/org/springframework/data/spring-data-keyvalue/2.6.1/spring-data-keyvalue-2.6.1.jar:/Users/rajashekharteertha/.m2/repository/org/springframework/spring-oxm/5.3.15/spring-oxm-5.3.15.jar:/Users/rajashekharteertha/.m2/repository/org/springframework/spring-context-support/5.3.15/spring-context-support-5.3.15.jar:/Users/rajashekharteertha/.m2/repository/io/lettuce/lettuce-core/6.1.6.RELEASE/lettuce-core-6.1.6.RELEASE.jar:/Users/rajashekharteertha/.m2/repository/org/springframework/boot/spring-boot-starter-webflux/2.6.3/spring-boot-starter-webflux-2.6.3.jar:/Users/rajashekharteertha/.m2/repository/org/springframework/boot/spring-boot-starter-json/2.6.3/spring-boot-starter-json-2.6.3.jar:/Users/rajashekharteertha/.m2/repository/com/fasterxml/jackson/core/jackson-databind/2.13.1/jackson-databind-2.13.1.jar:/Users/rajashekharteertha/.m2/repository/com/fasterxml/jackson/datatype/jackson-datatype-jdk8/2.13.1/jackson-datatype-jdk8-2.13.1.jar:/Users/rajashekharteertha/.m2/repository/com/fasterxml/jackson/datatype/jackson-datatype-jsr310/2.13.1/jackson-datatype-jsr310-2.13.1.jar:/Users/rajashekharteertha/.m2/repository/com/fasterxml/jackson/module/jackson-module-parameter-names/2.13.1/jackson-module-parameter-names-2.13.1.jar:/Users/rajashekharteertha/.m2/repository/org/springframework/boot/spring-boot-starter-reactor-netty/2.6.3/spring-boot-starter-reactor-netty-2.6.3.jar:/Users/rajashekharteertha/.m2/repository/io/projectreactor/netty/reactor-netty-http/1.0.15/reactor-netty-http-1.0.15.jar:/Users/rajashekharteertha/.m2/repository/io/netty/netty-codec-http/4.1.73.Final/netty-codec-http-4.1.73.Final.jar:/Users/rajashekharteertha/.m2/repository/io/netty/netty-codec-http2/4.1.73.Final/netty-codec-http2-4.1.73.Final.jar:/Users/rajashekharteertha/.m2/repository/io/netty/netty-resolver-dns-native-macos/4.1.73.Final/netty-resolver-dns-native-macos-4.1.73.Final-osx-x86_64.jar:/Users/rajashekharteertha/.m2/repository/io/netty/netty-resolver-dns-classes-macos/4.1.73.Final/netty-resolver-dns-classes-macos-4.1.73.Final.jar:/Users/rajashekharteertha/.m2/repository/io/netty/netty-transport-native-epoll/4.1.73.Final/netty-transport-native-epoll-4.1.73.Final-linux-x86_64.jar:/Users/rajashekharteertha/.m2/repository/io/netty/netty-transport-native-unix-common/4.1.73.Final/netty-transport-native-unix-common-4.1.73.Final.jar:/Users/rajashekharteertha/.m2/repository/io/netty/netty-transport-classes-epoll/4.1.73.Final/netty-transport-classes-epoll-4.1.73.Final.jar:/Users/rajashekharteertha/.m2/repository/org/springframework/spring-web/5.3.15/spring-web-5.3.15.jar:/Users/rajashekharteertha/.m2/repository/org/springframework/spring-webflux/5.3.15/spring-webflux-5.3.15.jar:/Users/rajashekharteertha/.m2/repository/io/r2dbc/r2dbc-postgresql/0.8.11.RELEASE/r2dbc-postgresql-0.8.11.RELEASE.jar:/Users/rajashekharteertha/.m2/repository/com/ongres/scram/client/2.1/client-2.1.jar:/Users/rajashekharteertha/.m2/repository/com/ongres/scram/common/2.1/common-2.1.jar:/Users/rajashekharteertha/.m2/repository/com/ongres/stringprep/saslprep/1.1/saslprep-1.1.jar:/Users/rajashekharteertha/.m2/repository/com/ongres/stringprep/stringprep/1.1/stringprep-1.1.jar:/Users/rajashekharteertha/.m2/repository/io/projectreactor/reactor-core/3.4.14/reactor-core-3.4.14.jar:/Users/rajashekharteertha/.m2/repository/io/projectreactor/netty/reactor-netty/1.0.15/reactor-netty-1.0.15.jar:/Users/rajashekharteertha/.m2/repository/io/projectreactor/netty/reactor-netty-core/1.0.15/reactor-netty-core-1.0.15.jar:/Users/rajashekharteertha/.m2/repository/io/netty/netty-handler-proxy/4.1.73.Final/netty-handler-proxy-4.1.73.Final.jar:/Users/rajashekharteertha/.m2/repository/io/netty/netty-codec-socks/4.1.73.Final/netty-codec-socks-4.1.73.Final.jar:/Users/rajashekharteertha/.m2/repository/io/projectreactor/netty/incubator/reactor-netty-incubator-quic/0.0.4/reactor-netty-incubator-quic-0.0.4.jar:/Users/rajashekharteertha/.m2/repository/io/netty/incubator/netty-incubator-codec-native-quic/0.0.25.Final/netty-incubator-codec-native-quic-0.0.25.Final-linux-x86_64.jar:/Users/rajashekharteertha/.m2/repository/io/netty/incubator/netty-incubator-codec-classes-quic/0.0.25.Final/netty-incubator-codec-classes-quic-0.0.25.Final.jar:/Users/rajashekharteertha/.m2/repository/commons-codec/commons-codec/1.15/commons-codec-1.15.jar:/Users/rajashekharteertha/.m2/repository/io/projectreactor/netty/reactor-netty-http-brave/1.0.15/reactor-netty-http-brave-1.0.15.jar:/Users/rajashekharteertha/.m2/repository/io/zipkin/brave/brave-instrumentation-http/5.13.7/brave-instrumentation-http-5.13.7.jar:/Users/rajashekharteertha/.m2/repository/io/zipkin/brave/brave/5.13.7/brave-5.13.7.jar:/Users/rajashekharteertha/.m2/repository/io/zipkin/reporter2/zipkin-reporter-brave/2.16.3/zipkin-reporter-brave-2.16.3.jar:/Users/rajashekharteertha/.m2/repository/io/zipkin/reporter2/zipkin-reporter/2.16.3/zipkin-reporter-2.16.3.jar:/Users/rajashekharteertha/.m2/repository/io/zipkin/zipkin2/zipkin/2.23.2/zipkin-2.23.2.jar:/Users/rajashekharteertha/.m2/repository/org/postgresql/postgresql/42.3.1/postgresql-42.3.1.jar:/Users/rajashekharteertha/.m2/repository/org/checkerframework/checker-qual/3.5.0/checker-qual-3.5.0.jar:/Users/rajashekharteertha/.m2/repository/org/projectlombok/lombok/1.18.22/lombok-1.18.22.jar:/Users/rajashekharteertha/.m2/repository/org/springframework/boot/spring-boot-starter-test/2.6.3/spring-boot-starter-test-2.6.3.jar:/Users/rajashekharteertha/.m2/repository/org/springframework/boot/spring-boot-test/2.6.3/spring-boot-test-2.6.3.jar:/Users/rajashekharteertha/.m2/repository/org/springframework/boot/spring-boot-test-autoconfigure/2.6.3/spring-boot-test-autoconfigure-2.6.3.jar:/Users/rajashekharteertha/.m2/repository/com/jayway/jsonpath/json-path/2.6.0/json-path-2.6.0.jar:/Users/rajashekharteertha/.m2/repository/net/minidev/json-smart/2.4.7/json-smart-2.4.7.jar:/Users/rajashekharteertha/.m2/repository/net/minidev/accessors-smart/2.4.7/accessors-smart-2.4.7.jar:/Users/rajashekharteertha/.m2/repository/org/ow2/asm/asm/9.1/asm-9.1.jar:/Users/rajashekharteertha/.m2/repository/jakarta/xml/bind/jakarta.xml.bind-api/2.3.3/jakarta.xml.bind-api-2.3.3.jar:/Users/rajashekharteertha/.m2/repository/jakarta/activation/jakarta.activation-api/1.2.2/jakarta.activation-api-1.2.2.jar:/Users/rajashekharteertha/.m2/repository/org/assertj/assertj-core/3.21.0/assertj-core-3.21.0.jar:/Users/rajashekharteertha/.m2/repository/org/hamcrest/hamcrest/2.2/hamcrest-2.2.jar:/Users/rajashekharteertha/.m2/repository/org/junit/jupiter/junit-jupiter/5.8.2/junit-jupiter-5.8.2.jar:/Users/rajashekharteertha/.m2/repository/org/junit/jupiter/junit-jupiter-api/5.8.2/junit-jupiter-api-5.8.2.jar:/Users/rajashekharteertha/.m2/repository/org/opentest4j/opentest4j/1.2.0/opentest4j-1.2.0.jar:/Users/rajashekharteertha/.m2/repository/org/junit/platform/junit-platform-commons/1.8.2/junit-platform-commons-1.8.2.jar:/Users/rajashekharteertha/.m2/repository/org/apiguardian/apiguardian-api/1.1.2/apiguardian-api-1.1.2.jar:/Users/rajashekharteertha/.m2/repository/org/junit/jupiter/junit-jupiter-params/5.8.2/junit-jupiter-params-5.8.2.jar:/Users/rajashekharteertha/.m2/repository/org/junit/jupiter/junit-jupiter-engine/5.8.2/junit-jupiter-engine-5.8.2.jar:/Users/rajashekharteertha/.m2/repository/org/junit/platform/junit-platform-engine/1.8.2/junit-platform-engine-1.8.2.jar:/Users/rajashekharteertha/.m2/repository/org/mockito/mockito-core/4.0.0/mockito-core-4.0.0.jar:/Users/rajashekharteertha/.m2/repository/net/bytebuddy/byte-buddy/1.11.22/byte-buddy-1.11.22.jar:/Users/rajashekharteertha/.m2/repository/net/bytebuddy/byte-buddy-agent/1.11.22/byte-buddy-agent-1.11.22.jar:/Users/rajashekharteertha/.m2/repository/org/objenesis/objenesis/3.2/objenesis-3.2.jar:/Users/rajashekharteertha/.m2/repository/org/mockito/mockito-junit-jupiter/4.0.0/mockito-junit-jupiter-4.0.0.jar:/Users/rajashekharteertha/.m2/repository/org/skyscreamer/jsonassert/1.5.0/jsonassert-1.5.0.jar:/Users/rajashekharteertha/.m2/repository/com/vaadin/external/google/android-json/0.0.20131108.vaadin1/android-json-0.0.20131108.vaadin1.jar:/Users/rajashekharteertha/.m2/repository/org/springframework/spring-core/5.3.15/spring-core-5.3.15.jar:/Users/rajashekharteertha/.m2/repository/org/springframework/spring-jcl/5.3.15/spring-jcl-5.3.15.jar:/Users/rajashekharteertha/.m2/repository/org/springframework/spring-test/5.3.15/spring-test-5.3.15.jar:/Users/rajashekharteertha/.m2/repository/org/xmlunit/xmlunit-core/2.8.4/xmlunit-core-2.8.4.jar:/Users/rajashekharteertha/.m2/repository/io/projectreactor/reactor-test/3.4.14/reactor-test-3.4.14.jar:/Users/rajashekharteertha/.m2/repository/org/redisson/redisson-spring-boot-starter/3.16.3/redisson-spring-boot-starter-3.16.3.jar:/Users/rajashekharteertha/.m2/repository/org/springframework/boot/spring-boot-starter-actuator/2.6.3/spring-boot-starter-actuator-2.6.3.jar:/Users/rajashekharteertha/.m2/repository/org/springframework/boot/spring-boot-actuator-autoconfigure/2.6.3/spring-boot-actuator-autoconfigure-2.6.3.jar:/Users/rajashekharteertha/.m2/repository/org/springframework/boot/spring-boot-actuator/2.6.3/spring-boot-actuator-2.6.3.jar:/Users/rajashekharteertha/.m2/repository/io/micrometer/micrometer-core/1.8.2/micrometer-core-1.8.2.jar:/Users/rajashekharteertha/.m2/repository/org/hdrhistogram/HdrHistogram/2.1.12/HdrHistogram-2.1.12.jar:/Users/rajashekharteertha/.m2/repository/org/latencyutils/LatencyUtils/2.0.3/LatencyUtils-2.0.3.jar:/Users/rajashekharteertha/.m2/repository/org/redisson/redisson/3.16.3/redisson-3.16.3.jar:/Users/rajashekharteertha/.m2/repository/io/netty/netty-common/4.1.73.Final/netty-common-4.1.73.Final.jar:/Users/rajashekharteertha/.m2/repository/io/netty/netty-codec/4.1.73.Final/netty-codec-4.1.73.Final.jar:/Users/rajashekharteertha/.m2/repository/io/netty/netty-buffer/4.1.73.Final/netty-buffer-4.1.73.Final.jar:/Users/rajashekharteertha/.m2/repository/io/netty/netty-transport/4.1.73.Final/netty-transport-4.1.73.Final.jar:/Users/rajashekharteertha/.m2/repository/io/netty/netty-resolver/4.1.73.Final/netty-resolver-4.1.73.Final.jar:/Users/rajashekharteertha/.m2/repository/io/netty/netty-resolver-dns/4.1.73.Final/netty-resolver-dns-4.1.73.Final.jar:/Users/rajashekharteertha/.m2/repository/io/netty/netty-codec-dns/4.1.73.Final/netty-codec-dns-4.1.73.Final.jar:/Users/rajashekharteertha/.m2/repository/io/netty/netty-handler/4.1.73.Final/netty-handler-4.1.73.Final.jar:/Users/rajashekharteertha/.m2/repository/io/netty/netty-tcnative-classes/2.0.46.Final/netty-tcnative-classes-2.0.46.Final.jar:/Users/rajashekharteertha/.m2/repository/javax/cache/cache-api/1.1.1/cache-api-1.1.1.jar:/Users/rajashekharteertha/.m2/repository/io/reactivex/rxjava3/rxjava/3.0.12/rxjava-3.0.12.jar:/Users/rajashekharteertha/.m2/repository/org/jboss/marshalling/jboss-marshalling/2.0.11.Final/jboss-marshalling-2.0.11.Final.jar:/Users/rajashekharteertha/.m2/repository/org/jboss/marshalling/jboss-marshalling-river/2.0.11.Final/jboss-marshalling-river-2.0.11.Final.jar:/Users/rajashekharteertha/.m2/repository/com/fasterxml/jackson/core/jackson-annotations/2.13.1/jackson-annotations-2.13.1.jar:/Users/rajashekharteertha/.m2/repository/com/fasterxml/jackson/dataformat/jackson-dataformat-yaml/2.13.1/jackson-dataformat-yaml-2.13.1.jar:/Users/rajashekharteertha/.m2/repository/com/fasterxml/jackson/core/jackson-core/2.13.1/jackson-core-2.13.1.jar:/Users/rajashekharteertha/.m2/repository/org/jodd/jodd-bean/5.1.6/jodd-bean-5.1.6.jar:/Users/rajashekharteertha/.m2/repository/org/jodd/jodd-core/5.1.6/jodd-core-5.1.6.jar:/Users/rajashekharteertha/.m2/repository/org/redisson/redisson-spring-data-25/3.16.3/redisson-spring-data-25-3.16.3.jar:/Users/rajashekharteertha/.m2/repository/junit/junit/4.13.2/junit-4.13.2.jar:/Users/rajashekharteertha/.m2/repository/org/hamcrest/hamcrest-core/2.2/hamcrest-core-2.2.jar:"/>
    <property name="sun.cpu.endian" value="little"/>
    <property name="user.home" value="/Users/rajashekharteertha"/>
    <property name="user.language" value="en"/>
    <property name="java.specification.vendor" value="Oracle Corporation"/>
    <property name="java.version.date" value="2022-10-18"/>
    <property name="java.home" value="/Users/rajashekharteertha/Library/Java/JavaVirtualMachines/temurin-17.0.5/Contents/Home"/>
    <property name="file.separator" value="/"/>
    <property name="basedir" value="/Users/rajashekharteertha/Desktop/cache-1/cache-service-reactive-templete"/>
    <property name="java.vm.compressedOopsMode" value="Zero based"/>
    <property name="line.separator" value="&#10;"/>
    <property name="java.vm.specification.vendor" value="Oracle Corporation"/>
    <property name="java.specification.name" value="Java Platform API Specification"/>
    <property name="surefire.real.class.path" value="/Users/rajashekharteertha/Desktop/cache-1/cache-service-reactive-templete/target/surefire/surefirebooter9658666623573558129.jar"/>
    <property name="sun.management.compiler" value="HotSpot 64-Bit Tiered Compilers"/>
    <property name="java.runtime.version" value="17.0.5+8"/>
    <property name="user.name" value="rajashekharteertha"/>
    <property name="path.separator" value=":"/>
    <property name="os.version" value="13.0.1"/>
    <property name="java.runtime.name" value="OpenJDK Runtime Environment"/>
    <property name="file.encoding" value="US-ASCII"/>
    <property name="java.vm.name" value="OpenJDK 64-Bit Server VM"/>
    <property name="java.vendor.version" value="Temurin-17.0.5+8"/>
    <property name="localRepository" value="/Users/rajashekharteertha/.m2/repository"/>
    <property name="java.vendor.url.bug" value="https://github.com/adoptium/adoptium-support/issues"/>
    <property name="java.io.tmpdir" value="/var/folders/vv/95gt1bgd3bd36w7gm7r556rm0000gn/T/"/>
    <property name="idea.version" value="2022.1"/>
    <property name="java.version" value="17.0.5"/>
    <property name="user.dir" value="/Users/rajashekharteertha/Desktop/cache-1/cache-service-reactive-templete"/>
    <property name="os.arch" value="x86_64"/>
    <property name="java.vm.specification.name" value="Java Virtual Machine Specification"/>
    <property name="native.encoding" value="US-ASCII"/>
    <property name="java.library.path" value="/Users/rajashekharteertha/Library/Java/Extensions:/Library/Java/Extensions:/Network/Library/Java/Extensions:/System/Library/Java/Extensions:/usr/lib/java:."/>
    <property name="java.vm.info" value="mixed mode, sharing"/>
    <property name="java.vendor" value="Eclipse Adoptium"/>
    <property name="java.vm.version" value="17.0.5+8"/>
    <property name="sun.io.unicode.encoding" value="UnicodeBig"/>
    <property name="java.class.version" value="61.0"/>
  </properties>
  <testcase name="test_getPost" classname="com.demo.redis.patterns.controller.ProductControllerTest" time="0.044"/>
  <testcase name="test_createPost" classname="com.demo.redis.patterns.controller.ProductControllerTest" time="0.032"/>
</testsuite>